This is e-upTeX, Version 3.14159265-p3.7.1-u1.22-161114-2.6 (utf8.uptex) (TeX Live 2017) (preloaded format=uplatex 2020.10.7)  6 FEB 2021 17:00
entering extended mode
 restricted \write18 enabled.
 file:line:error style messages enabled.
 %&-line parsing enabled.
**/workdir/main.tex
(/workdir/main.tex
pLaTeX2e <2017/10/28u01>+4 (based on LaTeX2e <2017-04-15>)
Babel <3.18> and hyphenation patterns for 3 language(s) loaded.
(/usr/local/texlive/2017/texmf-dist/tex/platex/jsclasses/jsbook.cls
Document Class: jsbook 2017/10/04 jsclasses (okumura, texjporg)
\jsc@mpt=\dimen118
\jsc@mmm=\dimen119
\jsc@smallskipamount=\skip41
LaTeX Info: Redefining \rmfamily on input line 476.
LaTeX Info: Redefining \sffamily on input line 479.
LaTeX Info: Redefining \ttfamily on input line 482.
LaTeX Info: Redefining \textmc on input line 486.
LaTeX Info: Redefining \textgt on input line 488.
\symmincho=\mathgroup4
LaTeX Font Info:    Overwriting symbol font `mincho' in version `bold'
(Font)                  JY2/mc/m/n --> JY2/gt/m/n on input line 550.
LaTeX Font Info:    Font shape `JT2/mc/m/n' will be
(Font)              scaled to size 9.24683pt on input line 741.
LaTeX Font Info:    Font shape `JY2/mc/m/n' will be
(Font)              scaled to size 9.24683pt on input line 741.
\fullwidth=\dimen120
LaTeX Font Info:    Font shape `JT2/mc/m/n' will be
(Font)              scaled to size 7.39746pt on input line 902.
LaTeX Font Info:    Font shape `JY2/mc/m/n' will be
(Font)              scaled to size 7.39746pt on input line 902.
\c@part=\count82
\c@chapter=\count83
\c@section=\count84
\c@subsection=\count85
\c@subsubsection=\count86
\c@paragraph=\count87
\c@subparagraph=\count88
\c@figure=\count89
\c@table=\count90
\abovecaptionskip=\skip42
\belowcaptionskip=\skip43
\jsc@tocl@width=\dimen121
\@lnumwidth=\dimen122
\bibindent=\dimen123
(/usr/local/texlive/2017/texmf-dist/tex/platex/jsclasses/jslogo.sty
Package: jslogo 2017/02/24 okumura, texjporg
LaTeX Info: Redefining \TeX on input line 94.
LaTeX Info: Redefining \LaTeX on input line 147.
LaTeX Info: Redefining \LaTeXe on input line 200.
)
\heisei=\count91
)
(/usr/local/texlive/2017/texmf-dist/tex/latex/geometry/geometry.sty
Package: geometry 2010/09/12 v5.6 Page Geometry

(/usr/local/texlive/2017/texmf-dist/tex/latex/graphics/keyval.sty
Package: keyval 2014/10/28 v1.15 key=value parser (DPC)
\KV@toks@=\toks15
)
(/usr/local/texlive/2017/texmf-dist/tex/generic/oberdiek/ifpdf.sty
Package: ifpdf 2017/03/15 v3.2 Provides the ifpdf switch
)
(/usr/local/texlive/2017/texmf-dist/tex/generic/oberdiek/ifvtex.sty
Package: ifvtex 2016/05/16 v1.6 Detect VTeX and its facilities (HO)
Package ifvtex Info: VTeX not detected.
)
(/usr/local/texlive/2017/texmf-dist/tex/generic/ifxetex/ifxetex.sty
Package: ifxetex 2010/09/12 v0.6 Provides ifxetex conditional
)
\Gm@cnth=\count92
\Gm@cntv=\count93
\c@Gm@tempcnt=\count94
\Gm@bindingoffset=\dimen124
\Gm@wd@mp=\dimen125
\Gm@odd@mp=\dimen126
\Gm@even@mp=\dimen127
\Gm@layoutwidth=\dimen128
\Gm@layoutheight=\dimen129
\Gm@layouthoffset=\dimen130
\Gm@layoutvoffset=\dimen131
\Gm@dimlist=\toks16
)
(/usr/local/texlive/2017/texmf-dist/tex/latex/graphics/graphicx.sty
Package: graphicx 2017/06/01 v1.1a Enhanced LaTeX Graphics (DPC,SPQR)

(/usr/local/texlive/2017/texmf-dist/tex/latex/graphics/graphics.sty
Package: graphics 2017/06/25 v1.2c Standard LaTeX Graphics (DPC,SPQR)

(/usr/local/texlive/2017/texmf-dist/tex/latex/graphics/trig.sty
Package: trig 2016/01/03 v1.10 sin cos tan (DPC)
)
(/usr/local/texlive/2017/texmf-dist/tex/latex/graphics-cfg/graphics.cfg
File: graphics.cfg 2016/06/04 v1.11 sample graphics configuration
)
Package graphics Info: Driver file: dvipdfmx.def on input line 99.

(/usr/local/texlive/2017/texmf-dist/tex/latex/graphics-def/dvipdfmx.def
File: dvipdfmx.def 2017/06/24 v5.0g Graphics/color driver for dvipdfmx
))
\Gin@req@height=\dimen132
\Gin@req@width=\dimen133
)
(/usr/local/texlive/2017/texmf-dist/tex/latex/graphics/color.sty
Package: color 2016/07/10 v1.1e Standard LaTeX Color (DPC)

(/usr/local/texlive/2017/texmf-dist/tex/latex/graphics-cfg/color.cfg
File: color.cfg 2016/01/02 v1.6 sample color configuration
)
Package color Info: Driver file: dvipdfmx.def on input line 147.

(/usr/local/texlive/2017/texmf-dist/tex/latex/graphics/dvipsnam.def
File: dvipsnam.def 2016/06/17 v3.0m Driver-dependent file (DPC,SPQR)
))
(/usr/local/texlive/2017/texmf-dist/tex/latex/hyperref/hyperref.sty
Package: hyperref 2018/02/06 v6.86b Hypertext links for LaTeX

(/usr/local/texlive/2017/texmf-dist/tex/generic/oberdiek/hobsub-hyperref.sty
Package: hobsub-hyperref 2016/05/16 v1.14 Bundle oberdiek, subset hyperref (HO)


(/usr/local/texlive/2017/texmf-dist/tex/generic/oberdiek/hobsub-generic.sty
Package: hobsub-generic 2016/05/16 v1.14 Bundle oberdiek, subset generic (HO)
Package: hobsub 2016/05/16 v1.14 Construct package bundles (HO)
Package: infwarerr 2016/05/16 v1.4 Providing info/warning/error messages (HO)
Package: ltxcmds 2016/05/16 v1.23 LaTeX kernel commands for general use (HO)
Package: ifluatex 2016/05/16 v1.4 Provides the ifluatex switch (HO)
Package ifluatex Info: LuaTeX not detected.
Package hobsub Info: Skipping package `ifvtex' (already loaded).
Package: intcalc 2016/05/16 v1.2 Expandable calculations with integers (HO)
Package hobsub Info: Skipping package `ifpdf' (already loaded).
Package: etexcmds 2016/05/16 v1.6 Avoid name clashes with e-TeX commands (HO)
Package etexcmds Info: Could not find \expanded.
(etexcmds)             That can mean that you are not using pdfTeX 1.50 or
(etexcmds)             that some package has redefined \expanded.
(etexcmds)             In the latter case, load this package earlier.
Package: kvsetkeys 2016/05/16 v1.17 Key value parser (HO)
Package: kvdefinekeys 2016/05/16 v1.4 Define keys (HO)
Package: pdftexcmds 2018/01/21 v0.26 Utility functions of pdfTeX for LuaTeX (HO
)
Package pdftexcmds Info: LuaTeX not detected.
Package pdftexcmds Info: pdfTeX >= 1.30 not detected.
Package pdftexcmds Info: \pdf@primitive is available.
Package pdftexcmds Info: \pdf@ifprimitive is available.
Package pdftexcmds Info: \pdfdraftmode not found.
Package: pdfescape 2016/05/16 v1.14 Implements pdfTeX's escape features (HO)
Package: bigintcalc 2016/05/16 v1.4 Expandable calculations on big integers (HO
)
Package: bitset 2016/05/16 v1.2 Handle bit-vector datatype (HO)
Package: uniquecounter 2016/05/16 v1.3 Provide unlimited unique counter (HO)
)
Package hobsub Info: Skipping package `hobsub' (already loaded).
Package: letltxmacro 2016/05/16 v1.5 Let assignment for LaTeX macros (HO)
Package: hopatch 2016/05/16 v1.3 Wrapper for package hooks (HO)
Package: xcolor-patch 2016/05/16 xcolor patch
Package: atveryend 2016/05/16 v1.9 Hooks at the very end of document (HO)
Package atveryend Info: \enddocument detected (standard20110627).
Package: atbegshi 2016/06/09 v1.18 At begin shipout hook (HO)
Package: refcount 2016/05/16 v3.5 Data extraction from label references (HO)
Package: hycolor 2016/05/16 v1.8 Color options for hyperref/bookmark (HO)
)
(/usr/local/texlive/2017/texmf-dist/tex/latex/oberdiek/auxhook.sty
Package: auxhook 2016/05/16 v1.4 Hooks for auxiliary files (HO)
)
(/usr/local/texlive/2017/texmf-dist/tex/latex/oberdiek/kvoptions.sty
Package: kvoptions 2016/05/16 v3.12 Key value format for package options (HO)
)
\@linkdim=\dimen134
\Hy@linkcounter=\count95
\Hy@pagecounter=\count96

(/usr/local/texlive/2017/texmf-dist/tex/latex/hyperref/pd1enc.def
File: pd1enc.def 2018/02/06 v6.86b Hyperref: PDFDocEncoding definition (HO)
)
\Hy@SavedSpaceFactor=\count97

(/usr/local/texlive/2017/texmf-dist/tex/latex/latexconfig/hyperref.cfg
File: hyperref.cfg 2002/06/06 v1.2 hyperref configuration of TeXLive
)
Package hyperref Info: Option `colorlinks' set `true' on input line 4383.
Package hyperref Info: Option `bookmarks' set `true' on input line 4383.
Package hyperref Info: Option `bookmarksnumbered' set `true' on input line 4383
.
Package hyperref Info: Hyper figures OFF on input line 4509.
Package hyperref Info: Link nesting OFF on input line 4514.
Package hyperref Info: Hyper index ON on input line 4517.
Package hyperref Info: Plain pages OFF on input line 4524.
Package hyperref Info: Backreferencing OFF on input line 4529.
Package hyperref Info: Implicit mode ON; LaTeX internals redefined.
Package hyperref Info: Bookmarks ON on input line 4762.
\c@Hy@tempcnt=\count98

(/usr/local/texlive/2017/texmf-dist/tex/latex/url/url.sty
\Urlmuskip=\muskip10
Package: url 2013/09/16  ver 3.4  Verb mode for urls, etc.
)
LaTeX Info: Redefining \url on input line 5115.
\XeTeXLinkMargin=\dimen135
\Fld@menulength=\count99
\Field@Width=\dimen136
\Fld@charsize=\dimen137
Package hyperref Info: Hyper figures OFF on input line 6369.
Package hyperref Info: Link nesting OFF on input line 6374.
Package hyperref Info: Hyper index ON on input line 6377.
Package hyperref Info: backreferencing OFF on input line 6384.
Package hyperref Info: Link coloring ON on input line 6387.
Package hyperref Info: Link coloring with OCG OFF on input line 6394.
Package hyperref Info: PDF/A mode OFF on input line 6399.
LaTeX Info: Redefining \ref on input line 6439.
LaTeX Info: Redefining \pageref on input line 6443.
\Hy@abspage=\count100
\c@Item=\count101
\c@Hfootnote=\count102
)
Package hyperref Info: Driver: hdvipdfm.

(/usr/local/texlive/2017/texmf-dist/tex/latex/hyperref/hdvipdfm.def
File: hdvipdfm.def 2018/02/06 v6.86b Hyperref driver for dvipdfm
\pdfm@box=\box42
\c@Hy@AnnotLevel=\count103
\HyField@AnnotCount=\count104
\Fld@listcount=\count105
\c@bookmark@seq@number=\count106

(/usr/local/texlive/2017/texmf-dist/tex/latex/oberdiek/rerunfilecheck.sty
Package: rerunfilecheck 2016/05/16 v1.8 Rerun checks for auxiliary files (HO)
Package uniquecounter Info: New unique counter `rerunfilecheck' on input line 2
82.
)
\Hy@SectionHShift=\skip44
)
(/usr/local/texlive/2017/texmf-dist/tex/platex/pxjahyper/pxjahyper.sty
Package: pxjahyper 2018/01/25 v0.3c
LaTeX Info: Composite with undeclared \u in encoding PD1 on input line 828.
LaTeX Info: Composite with undeclared \H in encoding PD1 on input line 837.
)
(/usr/local/texlive/2017/texmf-dist/tex/latex/oberdiek/bookmark.sty
Package: bookmark 2016/05/17 v1.26 PDF bookmarks (HO)

(/usr/local/texlive/2017/texmf-dist/tex/latex/oberdiek/bkm-dvips.def
File: bkm-dvips.def 2016/05/17 v1.26 bookmark driver for dvips (HO)
\BKM@id=\count107
))
(/usr/local/texlive/2017/texmf-dist/tex/latex/booktabs/booktabs.sty
Package: booktabs 2016/04/27 v1.618033 publication quality tables
\heavyrulewidth=\dimen138
\lightrulewidth=\dimen139
\cmidrulewidth=\dimen140
\belowrulesep=\dimen141
\belowbottomsep=\dimen142
\aboverulesep=\dimen143
\abovetopsep=\dimen144
\cmidrulesep=\dimen145
\cmidrulekern=\dimen146
\defaultaddspace=\dimen147
\@cmidla=\count108
\@cmidlb=\count109
\@aboverulesep=\dimen148
\@belowrulesep=\dimen149
\@thisruleclass=\count110
\@lastruleclass=\count111
\@thisrulewidth=\dimen150
)
(/usr/local/texlive/2017/texmf-dist/tex/latex/amsmath/amsmath.sty
Package: amsmath 2017/09/02 v2.17a AMS math features
\@mathmargin=\skip45

For additional information on amsmath, use the `?' option.
(/usr/local/texlive/2017/texmf-dist/tex/latex/amsmath/amstext.sty
Package: amstext 2000/06/29 v2.01 AMS text

(/usr/local/texlive/2017/texmf-dist/tex/latex/amsmath/amsgen.sty
File: amsgen.sty 1999/11/30 v2.0 generic functions
\@emptytoks=\toks17
\ex@=\dimen151
))
(/usr/local/texlive/2017/texmf-dist/tex/latex/amsmath/amsbsy.sty
Package: amsbsy 1999/11/29 v1.2d Bold Symbols
\pmbraise@=\dimen152
)
(/usr/local/texlive/2017/texmf-dist/tex/latex/amsmath/amsopn.sty
Package: amsopn 2016/03/08 v2.02 operator names
)
\inf@bad=\count112
LaTeX Info: Redefining \frac on input line 213.
\uproot@=\count113
\leftroot@=\count114
LaTeX Info: Redefining \overline on input line 375.
\classnum@=\count115
\DOTSCASE@=\count116
LaTeX Info: Redefining \ldots on input line 472.
LaTeX Info: Redefining \dots on input line 475.
LaTeX Info: Redefining \cdots on input line 596.
\Mathstrutbox@=\box43
\strutbox@=\box44
\big@size=\dimen153
LaTeX Font Info:    Redeclaring font encoding OML on input line 712.
LaTeX Font Info:    Redeclaring font encoding OMS on input line 713.
\macc@depth=\count117
\c@MaxMatrixCols=\count118
\dotsspace@=\muskip11
\c@parentequation=\count119
\dspbrk@lvl=\count120
\tag@help=\toks18
\row@=\count121
\column@=\count122
\maxfields@=\count123
\andhelp@=\toks19
\eqnshift@=\dimen154
\alignsep@=\dimen155
\tagshift@=\dimen156
\tagwidth@=\dimen157
\totwidth@=\dimen158
\lineht@=\dimen159
\@envbody=\toks20
\multlinegap=\skip46
\multlinetaggap=\skip47
\mathdisplay@stack=\toks21
LaTeX Info: Redefining \[ on input line 2817.
LaTeX Info: Redefining \] on input line 2818.
)
(/usr/local/texlive/2017/texmf-dist/tex/latex/amsfonts/amssymb.sty
Package: amssymb 2013/01/14 v3.01 AMS font symbols

(/usr/local/texlive/2017/texmf-dist/tex/latex/amsfonts/amsfonts.sty
Package: amsfonts 2013/01/14 v3.01 Basic AMSFonts support
\symAMSa=\mathgroup5
\symAMSb=\mathgroup6
LaTeX Font Info:    Overwriting math alphabet `\mathfrak' in version `bold'
(Font)                  U/euf/m/n --> U/euf/b/n on input line 106.
))
(/usr/local/texlive/2017/texmf-dist/tex/latex/here/here.sty)
(/usr/local/texlive/2017/texmf-dist/tex/latex/float/float.sty
Package: float 2001/11/08 v1.3d Float enhancements (AL)
\c@float@type=\count124
\float@exts=\toks22
\float@box=\box45
\@float@everytoks=\toks23
\@floatcapt=\box46
)
(/usr/local/texlive/2017/texmf-dist/tex/latex/comment/comment.sty
\CommentStream=\write3

Excluding comment 'comment')
(/usr/local/texlive/2017/texmf-dist/tex/latex/subfigure/subfigure.sty
Package: subfigure 2002/03/15 v2.1.5 subfigure package
\subfigtopskip=\skip48
\subfigcapskip=\skip49
\subfigcaptopadj=\dimen160
\subfigbottomskip=\skip50
\subfigcapmargin=\dimen161
\subfiglabelskip=\skip51
\c@subfigure=\count125
\c@lofdepth=\count126
\c@subtable=\count127
\c@lotdepth=\count128

****************************************
* Local config file subfigure.cfg used *
****************************************
(/usr/local/texlive/2017/texmf-dist/tex/latex/subfigure/subfigure.cfg)
\subfig@top=\skip52
\subfig@bottom=\skip53
)
(/usr/local/texlive/2017/texmf-dist/tex/latex/biblatex/biblatex.sty
Package: biblatex 2017/12/19 v3.10 programmable bibliographies (PK/JW/AB)

(/usr/local/texlive/2017/texmf-dist/tex/latex/etoolbox/etoolbox.sty
Package: etoolbox 2018/02/11 v2.5e e-TeX tools for LaTeX (JAW)
\etb@tempcnta=\count129
)
(/usr/local/texlive/2017/texmf-dist/tex/latex/logreq/logreq.sty
Package: logreq 2010/08/04 v1.0 xml request logger
\lrq@indent=\count130

(/usr/local/texlive/2017/texmf-dist/tex/latex/logreq/logreq.def
File: logreq.def 2010/08/04 v1.0 logreq spec v1.0
))
(/usr/local/texlive/2017/texmf-dist/tex/latex/base/ifthen.sty
Package: ifthen 2014/09/29 v1.1c Standard LaTeX ifthen package (DPC)
)
(/usr/local/texlive/2017/texmf-dist/tex/generic/xstring/xstring.sty
(/usr/local/texlive/2017/texmf-dist/tex/generic/xstring/xstring.tex
\@xs@message=\write4
\integerpart=\count131
\decimalpart=\count132
)
Package: xstring 2013/10/13  v1.7c  String manipulations (C Tellechea)
)
\c@tabx@nest=\count133
\c@listtotal=\count134
\c@listcount=\count135
\c@liststart=\count136
\c@liststop=\count137
\c@citecount=\count138
\c@citetotal=\count139
\c@multicitecount=\count140
\c@multicitetotal=\count141
\c@instcount=\count142
\c@maxnames=\count143
\c@minnames=\count144
\c@maxitems=\count145
\c@minitems=\count146
\c@citecounter=\count147
\c@savedcitecounter=\count148
\c@uniquelist=\count149
\c@uniquename=\count150
\c@refsection=\count151
\c@refsegment=\count152
\c@maxextratitle=\count153
\c@maxextratitleyear=\count154
\c@maxextradate=\count155
\c@maxextraalpha=\count156
\c@abbrvpenalty=\count157
\c@highnamepenalty=\count158
\c@lownamepenalty=\count159
\c@maxparens=\count160
\c@parenlevel=\count161
\blx@tempcnta=\count162
\blx@tempcntb=\count163
\blx@tempcntc=\count164
\blx@maxsection=\count165
\blx@maxsegment@0=\count166
\blx@notetype=\count167
\blx@parenlevel@text=\count168
\blx@parenlevel@foot=\count169
\blx@sectionciteorder@0=\count170
\labelnumberwidth=\skip54
\labelalphawidth=\skip55
\biblabelsep=\skip56
\bibitemsep=\skip57
\bibnamesep=\skip58
\bibinitsep=\skip59
\bibparsep=\skip60
\bibhang=\skip61
\blx@bcfin=\read1
\blx@bcfout=\write5
\c@mincomprange=\count171
\c@maxcomprange=\count172
\c@mincompwidth=\count173
Package biblatex Info: Trying to load biblatex default data model...
Package biblatex Info: ... file 'blx-dm.def' found.

(/usr/local/texlive/2017/texmf-dist/tex/latex/biblatex/blx-dm.def)
Package biblatex Info: Trying to load biblatex style data model...
Package biblatex Info: ... file 'phys.dbx' not found.
Package biblatex Info: Trying to load biblatex custom data model...
Package biblatex Info: ... file 'biblatex-dm.cfg' not found.
\c@afterword=\count174
\c@savedafterword=\count175
\c@annotator=\count176
\c@savedannotator=\count177
\c@author=\count178
\c@savedauthor=\count179
\c@bookauthor=\count180
\c@savedbookauthor=\count181
\c@commentator=\count182
\c@savedcommentator=\count183
\c@editor=\count184
\c@savededitor=\count185
\c@editora=\count186
\c@savededitora=\count187
\c@editorb=\count188
\c@savededitorb=\count189
\c@editorc=\count190
\c@savededitorc=\count191
\c@foreword=\count192
\c@savedforeword=\count193
\c@holder=\count194
\c@savedholder=\count195
\c@introduction=\count196
\c@savedintroduction=\count197
\c@namea=\count198
\c@savednamea=\count199
\c@nameb=\count266
\c@savednameb=\count267
\c@namec=\count268
\c@savednamec=\count269
\c@translator=\count270
\c@savedtranslator=\count271
\c@shortauthor=\count272
\c@savedshortauthor=\count273
\c@shorteditor=\count274
\c@savedshorteditor=\count275
\c@labelname=\count276
\c@savedlabelname=\count277
\c@institution=\count278
\c@savedinstitution=\count279
\c@lista=\count280
\c@savedlista=\count281
\c@listb=\count282
\c@savedlistb=\count283
\c@listc=\count284
\c@savedlistc=\count285
\c@listd=\count286
\c@savedlistd=\count287
\c@liste=\count288
\c@savedliste=\count289
\c@listf=\count290
\c@savedlistf=\count291
\c@location=\count292
\c@savedlocation=\count293
\c@organization=\count294
\c@savedorganization=\count295
\c@origlocation=\count296
\c@savedoriglocation=\count297
\c@origpublisher=\count298
\c@savedorigpublisher=\count299
\c@publisher=\count300
\c@savedpublisher=\count301
\c@language=\count302
\c@savedlanguage=\count303
\c@origlanguage=\count304
\c@savedoriglanguage=\count305
\c@pageref=\count306
\c@savedpageref=\count307
\shorthandwidth=\skip62
\shortjournalwidth=\skip63
\shortserieswidth=\skip64
\shorttitlewidth=\skip65
\shortauthorwidth=\skip66
\shorteditorwidth=\skip67
Package biblatex Info: Trying to load compatibility code...
Package biblatex Info: ... file 'blx-compat.def' found.

(/usr/local/texlive/2017/texmf-dist/tex/latex/biblatex/blx-compat.def
File: blx-compat.def 2017/12/19 v3.10 biblatex compatibility (PK/JW/AB)
)
Package biblatex Info: Trying to load generic definitions...
Package biblatex Info: ... file 'biblatex.def' found.

(/usr/local/texlive/2017/texmf-dist/tex/latex/biblatex/biblatex.def
File: biblatex.def 2017/12/19 v3.10 biblatex compatibility (PK/JW/AB)
\c@textcitecount=\count308
\c@textcitetotal=\count309
\c@textcitemaxnames=\count310
\c@biburlnumpenalty=\count311
\c@biburlucpenalty=\count312
\c@biburllcpenalty=\count313
\c@smartand=\count314
)
Package biblatex Info: Trying to load bibliography style 'phys'...
Package biblatex Info: ... file 'phys.bbx' found.

(/usr/local/texlive/2017/texmf-dist/tex/latex/biblatex-phys/phys.bbx
File: phys.bbx 2016/08/23 v1.0b biblatex bibliography style
Package biblatex Info: Trying to load bibliography style 'numeric-comp'...
Package biblatex Info: ... file 'numeric-comp.bbx' found.

(/usr/local/texlive/2017/texmf-dist/tex/latex/biblatex/bbx/numeric-comp.bbx
File: numeric-comp.bbx 2017/12/19 v3.10 biblatex bibliography style (PK/JW/AB)
Package biblatex Info: Trying to load bibliography style 'numeric'...
Package biblatex Info: ... file 'numeric.bbx' found.

(/usr/local/texlive/2017/texmf-dist/tex/latex/biblatex/bbx/numeric.bbx
File: numeric.bbx 2017/12/19 v3.10 biblatex bibliography style (PK/JW/AB)
Package biblatex Info: Trying to load bibliography style 'standard'...
Package biblatex Info: ... file 'standard.bbx' found.

(/usr/local/texlive/2017/texmf-dist/tex/latex/biblatex/bbx/standard.bbx
File: standard.bbx 2017/12/19 v3.10 biblatex bibliography style (PK/JW/AB)
\c@bbx:relatedcount=\count315
\c@bbx:relatedtotal=\count316
))))
Package biblatex Info: Trying to load citation style 'phys'...
Package biblatex Info: ... file 'phys.cbx' found.

(/usr/local/texlive/2017/texmf-dist/tex/latex/biblatex-phys/phys.cbx
File: phys.cbx 2016/08/23 v1.0b biblatex citation style
Package biblatex Info: Trying to load citation style 'numeric-comp'...
Package biblatex Info: ... file 'numeric-comp.cbx' found.

(/usr/local/texlive/2017/texmf-dist/tex/latex/biblatex/cbx/numeric-comp.cbx
File: numeric-comp.cbx 2017/12/19 v3.10 biblatex citation style (PK/JW/AB)
\c@cbx@tempcnta=\count317
\c@cbx@tempcntb=\count318
Package biblatex Info: Redefining '\cite'.
Package biblatex Info: Redefining '\parencite'.
Package biblatex Info: Redefining '\footcite'.
Package biblatex Info: Redefining '\footcitetext'.
Package biblatex Info: Redefining '\smartcite'.
Package biblatex Info: Redefining '\supercite'.
Package biblatex Info: Redefining '\textcite'.
Package biblatex Info: Redefining '\textcites'.
Package biblatex Info: Redefining '\cites'.
Package biblatex Info: Redefining '\parencites'.
Package biblatex Info: Redefining '\smartcites'.
))
Package biblatex Info: Trying to load configuration file...
Package biblatex Info: ... file 'biblatex.cfg' found.

(/usr/local/texlive/2017/texmf-dist/tex/latex/biblatex/biblatex.cfg
File: biblatex.cfg 
))
Package biblatex Info: Trying to load language 'english'...
Package biblatex Info: ... file 'english.lbx' found.

(/usr/local/texlive/2017/texmf-dist/tex/latex/biblatex/lbx/english.lbx
File: english.lbx 2017/12/19 v3.10 biblatex localization (PK/JW/AB)
)
\@quotelevel=\count319
\@quotereset=\count320

(.tmp/main.aux (.tmp/abstract.aux)

LaTeX Warning: Label `fx' multiply defined.

)
\openout1 = `main.aux'.

LaTeX Font Info:    Checking defaults for OML/cmm/m/it on input line 36.
LaTeX Font Info:    ... okay on input line 36.
LaTeX Font Info:    Checking defaults for T1/cmr/m/n on input line 36.
LaTeX Font Info:    ... okay on input line 36.
LaTeX Font Info:    Checking defaults for OT1/cmr/m/n on input line 36.
LaTeX Font Info:    ... okay on input line 36.
LaTeX Font Info:    Checking defaults for OMS/cmsy/m/n on input line 36.
LaTeX Font Info:    ... okay on input line 36.
LaTeX Font Info:    Checking defaults for OMX/cmex/m/n on input line 36.
LaTeX Font Info:    ... okay on input line 36.
LaTeX Font Info:    Checking defaults for U/cmr/m/n on input line 36.
LaTeX Font Info:    ... okay on input line 36.
LaTeX Font Info:    Checking defaults for JY2/mc/m/n on input line 36.
LaTeX Font Info:    ... okay on input line 36.
LaTeX Font Info:    Checking defaults for JT2/mc/m/n on input line 36.
LaTeX Font Info:    ... okay on input line 36.
LaTeX Font Info:    Checking defaults for PD1/pdf/m/n on input line 36.
LaTeX Font Info:    ... okay on input line 36.

*geometry* driver: auto-detecting
*geometry* detected driver: dvips
*geometry* verbose mode - [ preamble ] result:
* driver: dvips
* paper: <default>
* layout: <same size as paper>
* layoutoffset:(h,v)=(0.0pt,0.0pt)
* modes: 
* h-part:(L,W,R)=(64.96059pt, 415.74603pt, 64.96059pt)
* v-part:(T,H,B)=(64.96059pt, 641.80815pt, 64.96059pt)
* \paperwidth=597.49146pt
* \paperheight=845.04272pt
* \textwidth=415.74603pt
* \textheight=641.80815pt
* \oddsidemargin=-7.3094pt
* \evensidemargin=-7.3094pt
* \topmargin=-41.62032pt
* \headheight=20.0pt
* \headsep=14.31091pt
* \topskip=12.76065pt
* \footskip=0.0pt
* \marginparwidth=64.72778pt
* \marginparsep=18.49365pt
* \columnsep=18.49365pt
* \skip\footins=16.0pt plus 5.0pt minus 2.0pt
* \hoffset=6.27573pt
* \voffset=6.27573pt
* \mag=1095
* \@twocolumnfalse
* \@twosidefalse
* \@mparswitchfalse
* \@reversemarginfalse
* (1in=72.27pt=25.4mm, 1cm=28.453pt)

\AtBeginShipoutBox=\box47
Package hyperref Info: Link coloring ON on input line 36.
(/usr/local/texlive/2017/texmf-dist/tex/latex/hyperref/nameref.sty
Package: nameref 2016/05/21 v2.44 Cross-referencing by name of section

(/usr/local/texlive/2017/texmf-dist/tex/generic/oberdiek/gettitlestring.sty
Package: gettitlestring 2016/05/16 v1.5 Cleanup title references (HO)
)
\c@section@level=\count321
)
LaTeX Info: Redefining \ref on input line 36.
LaTeX Info: Redefining \pageref on input line 36.
LaTeX Info: Redefining \nameref on input line 36.
Package biblatex Info: No input encoding detected.
(biblatex)             Assuming 'ascii'.
Package biblatex Info: Automatic encoding selection.
(biblatex)             Assuming data encoding 'ascii'.
\openout5 = `main.bcf'.

Package biblatex Info: Trying to load bibliographic data...
Package biblatex Info: ... file 'main.bbl' found.

(.tmp/main.bbl)
Package biblatex Info: Reference section=0 on input line 36.
Package biblatex Info: Reference segment=0 on input line 36.
LaTeX Font Info:    Font shape `JT2/mc/m/n' will be
(Font)              scaled to size 13.31541pt on input line 39.
LaTeX Font Info:    Font shape `JY2/mc/m/n' will be
(Font)              scaled to size 13.31541pt on input line 39.
LaTeX Font Info:    Font shape `JT2/mc/m/n' will be
(Font)              scaled to size 23.0061pt on input line 41.
LaTeX Font Info:    Font shape `JY2/mc/m/n' will be
(Font)              scaled to size 23.0061pt on input line 41.
File: ./img/表紙2.pdf Graphic file (type pdf)
<./img/表紙2.pdf>

Overfull \hbox (39.49805pt too wide) in paragraph at lines 47--48
 [][] 
 []

LaTeX Font Info:    Font shape `JT2/mc/m/n' will be
(Font)              scaled to size 19.17792pt on input line 54.
LaTeX Font Info:    Font shape `JY2/mc/m/n' will be
(Font)              scaled to size 19.17792pt on input line 54.
[1


]
\openout2 = `abstract.aux'.

 (./abstract.tex
LaTeX Font Info:    Font shape `JT2/gt/m/n' will be
(Font)              scaled to size 13.31541pt on input line 1.
LaTeX Font Info:    Font shape `JY2/gt/m/n' will be
(Font)              scaled to size 13.31541pt on input line 1.
)
LaTeX Font Info:    Font shape `JY2/mc/m/n' will be
(Font)              scaled to size 6.47278pt on input line 62.
LaTeX Font Info:    Font shape `JY2/mc/m/n' will be
(Font)              scaled to size 4.62341pt on input line 62.
LaTeX Font Info:    Try loading font information for U+msa on input line 62.

(/usr/local/texlive/2017/texmf-dist/tex/latex/amsfonts/umsa.fd
File: umsa.fd 2013/01/14 v3.01 AMS symbols A
)
LaTeX Font Info:    Try loading font information for U+msb on input line 62.

(/usr/local/texlive/2017/texmf-dist/tex/latex/amsfonts/umsb.fd
File: umsb.fd 2013/01/14 v3.01 AMS symbols B
)
LaTeX Font Info:    Font shape `JT2/mc/bx/n' in size <10> not available
(Font)              Font shape `JT2/gt/m/n' tried instead on input line 62.
LaTeX Font Info:    Font shape `JT2/gt/m/n' will be
(Font)              scaled to size 9.24683pt on input line 62.
LaTeX Font Info:    Font shape `JY2/mc/bx/n' in size <10> not available
(Font)              Font shape `JY2/gt/m/n' tried instead on input line 62.
LaTeX Font Info:    Font shape `JY2/gt/m/n' will be
(Font)              scaled to size 9.24683pt on input line 62.
 [1

]
LaTeX Font Info:    Font shape `JT2/gt/m/n' will be
(Font)              scaled to size 23.0061pt on input line 64.
LaTeX Font Info:    Font shape `JY2/gt/m/n' will be
(Font)              scaled to size 23.0061pt on input line 64.

(.tmp/main.toc [2


])
\tf@toc=\write6
\openout6 = `main.toc'.

 [3]
第1章
LaTeX Font Info:    Font shape `JT2/gt/m/n' will be
(Font)              scaled to size 19.17792pt on input line 67.
LaTeX Font Info:    Font shape `JY2/gt/m/n' will be
(Font)              scaled to size 19.17792pt on input line 67.
(./purpose.tex) [4

] [5]
第2章
(./theory.tex
LaTeX Font Info:    Font shape `JT2/mc/m/n' will be
(Font)              scaled to size 11.09619pt on input line 5.
LaTeX Font Info:    Font shape `JY2/mc/m/n' will be
(Font)              scaled to size 11.09619pt on input line 5.
LaTeX Font Info:    Font shape `JT2/gt/m/n' will be
(Font)              scaled to size 11.09619pt on input line 5.
LaTeX Font Info:    Font shape `JY2/gt/m/n' will be
(Font)              scaled to size 11.09619pt on input line 5.
File: ./img/le.pdf Graphic file (type pdf)
<./img/le.pdf>
LaTeX Font Info:    Font shape `JT2/mc/m/n' will be
(Font)              scaled to size 8.32214pt on input line 12.
LaTeX Font Info:    Font shape `JY2/mc/m/n' will be
(Font)              scaled to size 8.32214pt on input line 12.
 [6

]
LaTeX Font Info:    Font shape `JT2/mc/m/n' will be
(Font)              scaled to size 6.47278pt on input line 25.
LaTeX Font Info:    Font shape `JT2/mc/m/n' will be
(Font)              scaled to size 4.62341pt on input line 25.
 [7]
File: ./img/cpw2.pdf Graphic file (type pdf)
<./img/cpw2.pdf>
File: ./img/cpw.pdf Graphic file (type pdf)
<./img/cpw.pdf>
 [8] [9]
File: ./img/lumpedelement.pdf Graphic file (type pdf)
<./img/lumpedelement.pdf>
File: ./img/le.pdf Graphic file (type pdf)
<./img/le.pdf>
 [10]
File: ./img/jj.pdf Graphic file (type pdf)
<./img/jj.pdf>
 [11]
File: ./img/rfsquid.pdf Graphic file (type pdf)
<./img/rfsquid.pdf>
File: ./img/dcsquid.pdf Graphic file (type pdf)
<./img/dcsquid.pdf>
 [12]
File: ./img/dc-squid.pdf Graphic file (type pdf)
<./img/dc-squid.pdf>
 [13]) [14]
第3章
(./implementation.tex
File: ./img/sample.pdf Graphic file (type pdf)
<./img/sample.pdf>
 [15

]
File: ./img/standard_eigen.pdf Graphic file (type pdf)
<./img/standard_eigen.pdf>

Overfull \hbox (39.49805pt too wide) in paragraph at lines 52--53
 [][] 
 []

[16]
File: ./img/standard_coupling.pdf Graphic file (type pdf)
<./img/standard_coupling.pdf>
File: ./img/standard_coupling_beta.pdf Graphic file (type pdf)
<./img/standard_coupling_beta.pdf>
LaTeX Font Info:    Font shape `JY2/mc/m/n' will be
(Font)              scaled to size 5.5481pt on input line 66.
 [17]
File: ./img/standard_coupling_betasweep.pdf Graphic file (type pdf)
<./img/standard_coupling_betasweep.pdf>


Package hyperref Warning: Token not allowed in a PDF string (PDFDocEncoding):
(hyperref)                removing `math shift' on input line 81.


Package hyperref Warning: Token not allowed in a PDF string (PDFDocEncoding):
(hyperref)                removing `\beta' on input line 81.


Package hyperref Warning: Token not allowed in a PDF string (PDFDocEncoding):
(hyperref)                removing `math shift' on input line 81.

[18]
File: ./img/dc-squid.pdf Graphic file (type pdf)
<./img/dc-squid.pdf>
File: ./img/samplefigure.pdf Graphic file (type pdf)
<./img/samplefigure.pdf>
 [19]
File: ./img/配線.pdf Graphic file (type pdf)
<./img/配線.pdf>
 [20] [21]
File: ./img/resonator_design_for_mwo.pdf Graphic file (type pdf)
<./img/resonator_design_for_mwo.pdf>
File: ./img/coupled_resonator_mwo.pdf Graphic file (type pdf)
<./img/coupled_resonator_mwo.pdf>

Overfull \hbox (15.55553pt too wide) in paragraph at lines 126--130
[][] [][]
 []

File: ./img/mwo.pdf Graphic file (type pdf)
<./img/mwo.pdf>
[22]
File: ./img/bareresonator_zoom.pdf Graphic file (type pdf)
<./img/bareresonator_zoom.pdf>
 [23]
File: ./img/mwo_meander.pdf Graphic file (type pdf)
<./img/mwo_meander.pdf>
File: ./img/simulatorVSanalytical.pdf Graphic file (type pdf)
<./img/simulatorVSanalytical.pdf>
 [24]
File: ./img/meanderinductance.pdf Graphic file (type pdf)
<./img/meanderinductance.pdf>
File: ./img/compound1.pdf Graphic file (type pdf)
<./img/compound1.pdf>
 [25]
File: ./img/design1.pdf Graphic file (type pdf)
<./img/design1.pdf>
 [26]
File: ./img/design2.pdf Graphic file (type pdf)
<./img/design2.pdf>
File: ./img/design3.pdf Graphic file (type pdf)
<./img/design3.pdf>
 [27]) [28]
第4章
(./measurement.tex
File: ./img/fridge.pdf Graphic file (type pdf)
<./img/fridge.pdf>
File: ./img/entropy.pdf Graphic file (type pdf)
<./img/entropy.pdf>
File: ./img/fridgesetup2.pdf Graphic file (type pdf)
<./img/fridgesetup2.pdf>

Overfull \hbox (27.15692pt too wide) in paragraph at lines 18--19
 [][] 
 []

[29

] [30]) [31]
第5章
(./result.tex
File: ./img/measurement_06545.pdf Graphic file (type pdf)
<./img/measurement_06545.pdf>
File: ./img/measurement_0654234.pdf Graphic file (type pdf)
<./img/measurement_0654234.pdf>
 [32

]) [33]
第6章
(./discussion.tex) [34

]
第7章
(./conclusion.tex) [35

]
第8章
(./outlook.tex) [36

]
第9章
(./apology.tex) [37

]
第10章
(./appendix.tex [38

]
File: ./img/lumpedelement.pdf Graphic file (type pdf)
<./img/lumpedelement.pdf>

Overfull \hbox (39.49805pt too wide) in paragraph at lines 99--100
 [][] 
 []

[39]
File: ./img/IDC2.pdf Graphic file (type pdf)
<./img/IDC2.pdf>
 [40] [41]

LaTeX Warning: Reference `Cend,fs,f0' on page 42 undefined on input line 178.

File: ./img/IDC_cal.pdf Graphic file (type pdf)
<./img/IDC_cal.pdf>
[42]
File: ./img/ミアンダ.pdf Graphic file (type pdf)
<./img/ミアンダ.pdf>
 [43]
File: ./img/偶奇.pdf Graphic file (type pdf)
<./img/偶奇.pdf>
 [44]
File: ./img/相互.pdf Graphic file (type pdf)
<./img/相互.pdf>
File: ./img/mutual.pdf Graphic file (type pdf)
<./img/mutual.pdf>
 [45]
Overfull \hbox (4.52153pt too wide) detected at line 244
\OML/cmm/m/it/10 M[] [] \OT1/cmr/m/n/10 = [] []
 []

File: ./img/m2.pdf Graphic file (type pdf)
<./img/m2.pdf>
[46] [47]
File: ./img/2端子.pdf Graphic file (type pdf)
<./img/2端子.pdf>
 [48]
File: ./img/t型.pdf Graphic file (type pdf)
<./img/t型.pdf>
 [49]

Package hyperref Warning: Token not allowed in a PDF string (PDFDocEncoding):
(hyperref)                removing `math shift' on input line 353.


Package hyperref Warning: Token not allowed in a PDF string (PDFDocEncoding):
(hyperref)                removing `\Pi' on input line 353.


Package hyperref Warning: Token not allowed in a PDF string (PDFDocEncoding):
(hyperref)                removing `math shift' on input line 353.

File: ./img/pi型.pdf Graphic file (type pdf)
<./img/pi型.pdf>
[50]

Package hyperref Warning: Token not allowed in a PDF string (PDFDocEncoding):
(hyperref)                removing `math shift' on input line 364.


Package hyperref Warning: Token not allowed in a PDF string (PDFDocEncoding):
(hyperref)                removing `\Pi' on input line 364.


Package hyperref Warning: Token not allowed in a PDF string (PDFDocEncoding):
(hyperref)                removing `math shift' on input line 364.


Package hyperref Warning: Token not allowed in a PDF string (PDFDocEncoding):
(hyperref)                removing `math shift' on input line 364.


Package hyperref Warning: Token not allowed in a PDF string (PDFDocEncoding):
(hyperref)                removing `\Delta' on input line 364.


Package hyperref Warning: Token not allowed in a PDF string (PDFDocEncoding):
(hyperref)                removing `math shift' on input line 364.

File: ./img/磁気的結合回路.pdf Graphic file (type pdf)
<./img/磁気的結合回路.pdf>
[51] [52]
File: ./img/変圧器.pdf Graphic file (type pdf)
<./img/変圧器.pdf>
File: ./img/circuit1.pdf Graphic file (type pdf)
<./img/circuit1.pdf>
File: ./img/circuit2.pdf Graphic file (type pdf)
<./img/circuit2.pdf>
 [53]
File: ./img/circuit3.pdf Graphic file (type pdf)
<./img/circuit3.pdf>
File: ./img/circuit2.pdf Graphic file (type pdf)
<./img/circuit2.pdf>
 [54] [55]) [56]
LaTeX Font Info:    Font shape `JT2/gt/m/it' in size <10> not available
(Font)              Font shape `JT2/gt/m/n' tried instead on input line 130.
LaTeX Font Info:    Font shape `JT2/gt/m/n' will be
(Font)              scaled to size 9.24683pt on input line 130.
LaTeX Font Info:    Font shape `JY2/gt/m/it' in size <10> not available
(Font)              Font shape `JY2/gt/m/n' tried instead on input line 130.
LaTeX Font Info:    Font shape `JY2/gt/m/n' will be
(Font)              scaled to size 9.24683pt on input line 130.
 [57

]
Package atveryend Info: Empty hook `BeforeClearDocument' on input line 131.
 [58]
Package atveryend Info: Executing hook `AfterLastShipout' on input line 131.
\BKM@file=\write7
\openout7 = `main.out.ps'.

 (.tmp/main.aux (.tmp/abstract.aux))
Package atveryend Info: Empty hook `AtVeryEndDocument' on input line 131.
Package atveryend Info: Empty hook `AtEndAfterFileList' on input line 131.


LaTeX Warning: There were undefined references.


LaTeX Warning: There were multiply-defined labels.

Package logreq Info: Writing requests to 'main.run.xml'.
\openout1 = `main.run.xml'.

Package atveryend Info: Empty hook `AtVeryVeryEnd' on input line 131.
 ) 
Here is how much of TeX's memory you used:
 14307 strings out of 495109
 233984 string characters out of 6184637
 674486 words of memory out of 5000000
 17540 multiletter control sequences out of 15000+600000
 21122 words of font info for 103 fonts, out of 8000000 for 9000
 19 hyphenation exceptions out of 8191
 43i,12n,41p,1969b,1334s stack positions out of 5000i,500n,10000p,200000b,80000s

Output written on .tmp/main.dvi (59 pages, 201304 bytes).
